# JRE version: Java(TM) SE Runtime Environment (8.0_111-b14) (build 1.8.0_111-b14)
# Java VM: Java HotSpot(TM) 64-Bit Server VM (25.111-b14 mixed mode windows-amd64 compressed oops)
Heap:
 PSYoungGen      total 500224K, used 287893K [0x000000076b800000, 0x000000078a500000, 0x00000007c0000000)
  eden space 498688K, 57% used [0x000000076b800000,0x000000077d0b5530,0x0000000789f00000)
  from space 1536K, 29% used [0x000000078a380000,0x000000078a3f0050,0x000000078a500000)
  to   space 1536K, 0% used [0x0000000789f00000,0x0000000789f00000,0x000000078a080000)
 ParOldGen       total 252416K, used 29354K [0x00000006c2800000, 0x00000006d1e80000, 0x000000076b800000)
  object space 252416K, 11% used [0x00000006c2800000,0x00000006c44aaba8,0x00000006d1e80000)
 Metaspace       used 61742K, capacity 64404K, committed 64896K, reserved 1105920K
  class space    used 8191K, capacity 8640K, committed 8832K, reserved 1048576K
GC Heap History (10 events):
Event: 52085.248 GC heap before
{Heap before GC invocations=65566 (full 4):
 PSYoungGen      total 493056K, used 492098K [0x000000076b800000, 0x0000000789f80000, 0x00000007c0000000)
  eden space 491520K, 100% used [0x000000076b800000,0x0000000789800000,0x0000000789800000)
  from space 1536K, 37% used [0x0000000789800000,0x00000007898909a8,0x0000000789980000)
  to   space 1536K, 0% used [0x0000000789e00000,0x0000000789e00000,0x0000000789f80000)
 ParOldGen       total 252416K, used 29178K [0x00000006c2800000, 0x00000006d1e80000, 0x000000076b800000)
  object space 252416K, 11% used [0x00000006c2800000,0x00000006c447eba8,0x00000006d1e80000)
 Metaspace       used 61742K, capacity 64404K, committed 64896K, reserved 1105920K
  class space    used 8191K, capacity 8640K, committed 8832K, reserved 1048576K
Event: 52085.250 GC heap after
Heap after GC invocations=65566 (full 4):
 PSYoungGen      total 496640K, used 420K [0x000000076b800000, 0x0000000789f00000, 0x00000007c0000000)
  eden space 495616K, 0% used [0x000000076b800000,0x000000076b800000,0x0000000789c00000)
  from space 1024K, 41% used [0x0000000789e00000,0x0000000789e69010,0x0000000789f00000)
  to   space 1536K, 0% used [0x0000000789c00000,0x0000000789c00000,0x0000000789d80000)
 ParOldGen       total 252416K, used 29346K [0x00000006c2800000, 0x00000006d1e80000, 0x000000076b800000)
  object space 252416K, 11% used [0x00000006c2800000,0x00000006c44a8ba8,0x00000006d1e80000)
 Metaspace       used 61742K, capacity 64404K, committed 64896K, reserved 1105920K
  class space    used 8191K, capacity 8640K, committed 8832K, reserved 1048576K
}
Event: 52089.149 GC heap before
{Heap before GC invocations=65567 (full 4):
 PSYoungGen      total 496640K, used 496036K [0x000000076b800000, 0x0000000789f00000, 0x00000007c0000000)
  eden space 495616K, 100% used [0x000000076b800000,0x0000000789c00000,0x0000000789c00000)
  from space 1024K, 41% used [0x0000000789e00000,0x0000000789e69010,0x0000000789f00000)
  to   space 1536K, 0% used [0x0000000789c00000,0x0000000789c00000,0x0000000789d80000)
 ParOldGen       total 252416K, used 29346K [0x00000006c2800000, 0x00000006d1e80000, 0x000000076b800000)
  object space 252416K, 11% used [0x00000006c2800000,0x00000006c44a8ba8,0x00000006d1e80000)
 Metaspace       used 61742K, capacity 64404K, committed 64896K, reserved 1105920K
  class space    used 8191K, capacity 8640K, committed 8832K, reserved 1048576K
Event: 52089.161 GC heap after
Heap after GC invocations=65567 (full 4):
 PSYoungGen      total 497152K, used 670K [0x000000076b800000, 0x000000078a280000, 0x00000007c0000000)
  eden space 495616K, 0% used [0x000000076b800000,0x000000076b800000,0x0000000789c00000)
  from space 1536K, 43% used [0x0000000789c00000,0x0000000789ca7830,0x0000000789d80000)
  to   space 1536K, 0% used [0x000000078a100000,0x000000078a100000,0x000000078a280000)
 ParOldGen       total 252416K, used 29346K [0x00000006c2800000, 0x00000006d1e80000, 0x000000076b800000)
  object space 252416K, 11% used [0x00000006c2800000,0x00000006c44a8ba8,0x00000006d1e80000)
 Metaspace       used 61742K, capacity 64404K, committed 64896K, reserved 1105920K
  class space    used 8191K, capacity 8640K, committed 8832K, reserved 1048576K
}
Event: 52096.056 GC heap before
{Heap before GC invocations=65568 (full 4):
 PSYoungGen      total 497152K, used 496286K [0x000000076b800000, 0x000000078a280000, 0x00000007c0000000)
  eden space 495616K, 100% used [0x000000076b800000,0x0000000789c00000,0x0000000789c00000)
  from space 1536K, 43% used [0x0000000789c00000,0x0000000789ca7830,0x0000000789d80000)
  to   space 1536K, 0% used [0x000000078a100000,0x000000078a100000,0x000000078a280000)
 ParOldGen       total 252416K, used 29346K [0x00000006c2800000, 0x00000006d1e80000, 0x000000076b800000)
  object space 252416K, 11% used [0x00000006c2800000,0x00000006c44a8ba8,0x00000006d1e80000)
 Metaspace       used 61742K, capacity 64404K, committed 64896K, reserved 1105920K
  class space    used 8191K, capacity 8640K, committed 8832K, reserved 1048576K
Event: 52096.058 GC heap after
Heap after GC invocations=65568 (full 4):
 PSYoungGen      total 499712K, used 428K [0x000000076b800000, 0x000000078a200000, 0x00000007c0000000)
  eden space 498688K, 0% used [0x000000076b800000,0x000000076b800000,0x0000000789f00000)
  from space 1024K, 41% used [0x000000078a100000,0x000000078a16b030,0x000000078a200000)
  to   space 1536K, 0% used [0x0000000789f00000,0x0000000789f00000,0x000000078a080000)
 ParOldGen       total 252416K, used 29354K [0x00000006c2800000, 0x00000006d1e80000, 0x000000076b800000)
  object space 252416K, 11% used [0x00000006c2800000,0x00000006c44aaba8,0x00000006d1e80000)
 Metaspace       used 61742K, capacity 64404K, committed 64896K, reserved 1105920K
  class space    used 8191K, capacity 8640K, committed 8832K, reserved 1048576K
}
Event: 52098.726 GC heap before
{Heap before GC invocations=65569 (full 4):
 PSYoungGen      total 499712K, used 499116K [0x000000076b800000, 0x000000078a200000, 0x00000007c0000000)
  eden space 498688K, 100% used [0x000000076b800000,0x0000000789f00000,0x0000000789f00000)
  from space 1024K, 41% used [0x000000078a100000,0x000000078a16b030,0x000000078a200000)
  to   space 1536K, 0% used [0x0000000789f00000,0x0000000789f00000,0x000000078a080000)
 ParOldGen       total 252416K, used 29354K [0x00000006c2800000, 0x00000006d1e80000, 0x000000076b800000)
  object space 252416K, 11% used [0x00000006c2800000,0x00000006c44aaba8,0x00000006d1e80000)
 Metaspace       used 61742K, capacity 64404K, committed 64896K, reserved 1105920K
  class space    used 8191K, capacity 8640K, committed 8832K, reserved 1048576K
Event: 52098.727 GC heap after
Heap after GC invocations=65569 (full 4):
 PSYoungGen      total 500224K, used 428K [0x000000076b800000, 0x000000078a500000, 0x00000007c0000000)
  eden space 498688K, 0% used [0x000000076b800000,0x000000076b800000,0x0000000789f00000)
  from space 1536K, 27% used [0x0000000789f00000,0x0000000789f6b030,0x000000078a080000)
  to   space 1536K, 0% used [0x000000078a380000,0x000000078a380000,0x000000078a500000)
 ParOldGen       total 252416K, used 29354K [0x00000006c2800000, 0x00000006d1e80000, 0x000000076b800000)
  object space 252416K, 11% used [0x00000006c2800000,0x00000006c44aaba8,0x00000006d1e80000)
 Metaspace       used 61742K, capacity 64404K, committed 64896K, reserved 1105920K
  class space    used 8191K, capacity 8640K, committed 8832K, reserved 1048576K
}
Event: 52099.594 GC heap before
{Heap before GC invocations=65570 (full 4):
 PSYoungGen      total 500224K, used 499116K [0x000000076b800000, 0x000000078a500000, 0x00000007c0000000)
  eden space 498688K, 100% used [0x000000076b800000,0x0000000789f00000,0x0000000789f00000)
  from space 1536K, 27% used [0x0000000789f00000,0x0000000789f6b030,0x000000078a080000)
  to   space 1536K, 0% used [0x000000078a380000,0x000000078a380000,0x000000078a500000)
 ParOldGen       total 252416K, used 29354K [0x00000006c2800000, 0x00000006d1e80000, 0x000000076b800000)
  object space 252416K, 11% used [0x00000006c2800000,0x00000006c44aaba8,0x00000006d1e80000)
 Metaspace       used 61742K, capacity 64404K, committed 64896K, reserved 1105920K
  class space    used 8191K, capacity 8640K, committed 8832K, reserved 1048576K
Event: 52099.597 GC heap after
Heap after GC invocations=65570 (full 4):
 PSYoungGen      total 500224K, used 448K [0x000000076b800000, 0x000000078a500000, 0x00000007c0000000)
  eden space 498688K, 0% used [0x000000076b800000,0x000000076b800000,0x0000000789f00000)
  from space 1536K, 29% used [0x000000078a380000,0x000000078a3f0050,0x000000078a500000)
  to   space 1536K, 0% used [0x0000000789f00000,0x0000000789f00000,0x000000078a080000)
 ParOldGen       total 252416K, used 29354K [0x00000006c2800000, 0x00000006d1e80000, 0x000000076b800000)
  object space 252416K, 11% used [0x00000006c2800000,0x00000006c44aaba8,0x00000006d1e80000)
 Metaspace       used 61742K, capacity 64404K, committed 64896K, reserved 1105920K
  class space    used 8191K, capacity 8640K, committed 8832K, reserved 1048576K
}

